<?xml version="1.0" encoding="UTF-8"?>
<testng-results ignored="0" total="1" passed="1" failed="0" skipped="0">
  <reporter-output>
  </reporter-output>
  <suite started-at="2023-04-15T22:45:37 BDT" name="Default suite" finished-at="2023-04-15T22:49:10 BDT" duration-ms="213056">
    <groups>
    </groups>
    <test started-at="2023-04-15T22:45:37 BDT" name="Default test" finished-at="2023-04-15T22:49:10 BDT" duration-ms="213056">
      <class name="testcases.WafiLifeTest">
        <test-method is-config="true" signature="setBrowser()[pri:0, instance:testcases.WafiLifeTest@673be18f]" started-at="2023-04-15T22:45:38 BDT" name="setBrowser" finished-at="2023-04-15T22:46:34 BDT" duration-ms="56620" status="PASS">
          <reporter-output>
          </reporter-output>
        </test-method> <!-- setBrowser -->
        <test-method signature="visitWafiLife()[pri:0, instance:testcases.WafiLifeTest@673be18f]" started-at="2023-04-15T22:46:36 BDT" name="visitWafiLife" finished-at="2023-04-15T22:49:10 BDT" duration-ms="154639" status="PASS">
          <reporter-output>
          </reporter-output>
        </test-method> <!-- visitWafiLife -->
        <test-method is-config="true" signature="quitBrowser()[pri:0, instance:testcases.WafiLifeTest@673be18f]" started-at="2023-04-15T22:49:10 BDT" name="quitBrowser" finished-at="2023-04-15T22:49:10 BDT" duration-ms="194" status="PASS">
          <reporter-output>
          </reporter-output>
        </test-method> <!-- quitBrowser -->
      </class> <!-- testcases.WafiLifeTest -->
    </test> <!-- Default test -->
  </suite> <!-- Default suite -->
</testng-results>
